[debug] ----------------------------------------------------------------------
[debug] Command:      /usr/bin/nodejs /usr/bin/firebase deploy
[debug] CLI Version:  3.1.0
[debug] Platform:     linux
[debug] Node Version: v6.9.1
[debug] Time:         Fri Nov 18 2016 13:25:23 GMT+0000 (GMT)
[debug] ----------------------------------------------------------------------
[debug] 
[debug] > command requires scopes: ["email","openid","https://www.googleapis.com/auth/cloudplatformprojects.readonly","https://www.googleapis.com/auth/firebase"]
[debug] >>> HTTP REQUEST GET https://admin.firebase.com/v1/projects/scvo-digital 
[debug] <<< HTTP RESPONSE 200
[debug] >>> HTTP REQUEST GET https://admin.firebase.com/v1/database/scvo-digital/tokens 
[debug] <<< HTTP RESPONSE 200
[info] 
[info] === Deploying to 'scvo-digital'...
[info] 
[info] i  deploying hosting
[info] ✔  database: rules ready to deploy.
[info] i  hosting: preparing _site directory for upload...
[debug] >>> HTTP REQUEST PUT https://deploy.firebase.com/v1/hosting/scvo-digital/uploads/-KWrbEQDIfj9lvjUf1XG?fileCount=665&message= 
